{
  "stats": {
    "suites": 1,
    "tests": 1,
    "passes": 1,
    "pending": 0,
    "failures": 0,
    "start": "2026-08-28T12:48:28.660Z",
    "end": "2026-08-28T12:48:30.231Z",
    "duration": 1571,
    "testsRegistered": 1,
    "passPercent": 100,
    "pendingPercent": 0,
    "other": 0,
    "hasOther": false,
    "skipped": 0,
    "hasSkipped": false
  },
  "results": [
    {
      "uuid": "86ee39b3-a190-4a8c-901b-419ae50782cf",
      "title": "",
      "fullFile": "tests-ui/cypress/e2e/searchProduct.spec.ts",
      "file": "tests-ui/cypress/e2e/searchProduct.spec.ts",
      "beforeHooks": [],
      "afterHooks": [],
      "tests": [],
      "suites": [
        {
          "uuid": "a2fad030-19bf-4cdc-872d-aaff424c815b",
          "title": "Fonctionnalité de recherche",
          "fullFile": "",
          "file": "",
          "beforeHooks": [],
          "afterHooks": [],
          "tests": [
            {
              "title": "devrait rechercher et afficher un produit spécifique dans le catalogue",
              "fullTitle": "Fonctionnalité de recherche devrait rechercher et afficher un produit spécifique dans le catalogue",
              "timedOut": null,
              "duration": 1513,
              "state": "passed",
              "speed": "fast",
              "pass": true,
              "fail": false,
              "pending": false,
              "context": null,
              "code": "// Clic pour ouvrir la barre de recherche\ncy.get('mat-icon').contains('search').click({ force: true });\n// Saisie forcée en cas de délai d'animation CSS\ncy.get('#searchQuery input')\n    .should('exist')\n    .type('Apple{enter}', { force: true });\ncy.url().should('include', '/#/search?q=Apple');\ncy.get('.mat-card').contains('Apple Juice').should('be.visible');",
              "err": {},
              "uuid": "6b792d69-6aa7-47ae-92d2-ed41252c19ad",
              "parentUUID": "a2fad030-19bf-4cdc-872d-aaff424c815b",
              "isHook": false,
              "skipped": false
            }
          ],
          "suites": [],
          "passes": [
            "6b792d69-6aa7-47ae-92d2-ed41252c19ad"
          ],
          "failures": [],
          "pending": [],
          "skipped": [],
          "duration": 1513,
          "root": false,
          "rootEmpty": false,
          "_timeout": 2000
        }
      ],
      "passes": [],
      "failures": [],
      "pending": [],
      "skipped": [],
      "duration": 0,
      "root": true,
      "rootEmpty": true,
      "_timeout": 2000
    }
  ],
  "meta": {
    "mocha": {
      "version": "7.2.0"
    },
    "mochawesome": {
      "options": {
        "quiet": false,
        "reportFilename": "mochawesome",
        "saveHtml": false,
        "saveJson": true,
        "consoleReporter": "spec",
        "useInlineDiffs": false,
        "code": true
      },
      "version": "8.0.1"
    },
    "marge": {
      "options": {
        "reportDir": "cypress/results",
        "overwrite": false,
        "html": false,
        "json": true
      },
      "version": "6.3.2"
    }
  }
}