{
  "stats": {
    "suites": 1,
    "tests": 1,
    "passes": 1,
    "pending": 0,
    "failures": 0,
    "start": "2026-08-28T12:48:17.734Z",
    "end": "2026-08-28T12:48:21.607Z",
    "duration": 3873,
    "testsRegistered": 1,
    "passPercent": 100,
    "pendingPercent": 0,
    "other": 0,
    "hasOther": false,
    "skipped": 0,
    "hasSkipped": false
  },
  "results": [
    {
      "uuid": "13427086-188b-4f97-971b-90fdf7bc89f8",
      "title": "",
      "fullFile": "tests-ui/cypress/e2e/createAddress.spec.ts",
      "file": "tests-ui/cypress/e2e/createAddress.spec.ts",
      "beforeHooks": [],
      "afterHooks": [],
      "tests": [],
      "suites": [
        {
          "uuid": "9ffc5a23-e5dc-4e0e-b097-4918c35b0ebe",
          "title": "Test de création d'adresse de livraison",
          "fullFile": "",
          "file": "",
          "beforeHooks": [],
          "afterHooks": [],
          "tests": [
            {
              "title": "devrait permettre de créer une nouvelle adresse de livraison",
              "fullTitle": "Test de création d'adresse de livraison devrait permettre de créer une nouvelle adresse de livraison",
              "timedOut": null,
              "duration": 3761,
              "state": "passed",
              "speed": "fast",
              "pass": true,
              "fail": false,
              "pending": false,
              "context": null,
              "code": "cy.intercept('POST', '**/api/Addresss*').as('createAddress');\n// Saisie dans tous les champs du formulaire avec force: true\ncy.get('input[placeholder*=\"country\"]').type('France', { force: true });\ncy.get('input[placeholder*=\"name\"]').type('Jean Dupont', { force: true });\ncy.get('input[placeholder*=\"mobile\"]').type('0601020304', { force: true });\ncy.get('input[placeholder*=\"ZIP\"]').type('75001', { force: true });\ncy.get('textarea[placeholder*=\"address\"]').type('123 Rue de la Paix', { force: true });\ncy.get('input[placeholder*=\"city\"]').type('Paris', { force: true });\ncy.get('input[placeholder*=\"state\"]').type('Île-de-France', { force: true });\n// Soumission du formulaire\ncy.get('#submitButton').click({ force: true });\n// Attente de la requête API et vérification du statut 201 Created\ncy.wait('@createAddress').its('response.statusCode').should('eq', 201);\n// Vérification que l'adresse apparaît dans la liste des adresses sauvegardées\ncy.visit('/#/address/saved');\ncy.get('mat-table, mat-card', { timeout: 10000 })\n    .should('contain', '123 Rue de la Paix');",
              "err": {},
              "uuid": "8b2ced8e-ed5f-4c20-95ae-18821ea33613",
              "parentUUID": "9ffc5a23-e5dc-4e0e-b097-4918c35b0ebe",
              "isHook": false,
              "skipped": false
            }
          ],
          "suites": [],
          "passes": [
            "8b2ced8e-ed5f-4c20-95ae-18821ea33613"
          ],
          "failures": [],
          "pending": [],
          "skipped": [],
          "duration": 3761,
          "root": false,
          "rootEmpty": false,
          "_timeout": 2000
        }
      ],
      "passes": [],
      "failures": [],
      "pending": [],
      "skipped": [],
      "duration": 0,
      "root": true,
      "rootEmpty": true,
      "_timeout": 2000
    }
  ],
  "meta": {
    "mocha": {
      "version": "7.2.0"
    },
    "mochawesome": {
      "options": {
        "quiet": false,
        "reportFilename": "mochawesome",
        "saveHtml": false,
        "saveJson": true,
        "consoleReporter": "spec",
        "useInlineDiffs": false,
        "code": true
      },
      "version": "8.0.1"
    },
    "marge": {
      "options": {
        "reportDir": "cypress/results",
        "overwrite": false,
        "html": false,
        "json": true
      },
      "version": "6.3.2"
    }
  }
}